#
# A fatal error has been detected by the Java Runtime Environment:
#
#  SIGSEGV (0xb) at pc=0x00007fff34d50370, pid=1638, tid=0x0000000000001903
#
# JRE version: Java(TM) SE Runtime Environment (8.0_151-b12) (build 1.8.0_151-b12)
# Java VM: Java HotSpot(TM) 64-Bit Server VM (25.151-b12 mixed mode bsd-amd64 compressed oops)
# Problematic frame:
# C  [GLEngine+0x148370]  gleRunVertexSubmitImmediate+0x21d0
#
# Failed to write core dump. Core dumps have been disabled. To enable core dumping, try "ulimit -c unlimited" before starting Java again
#
# If you would like to submit a bug report, please visit:
#   http://bugreport.java.com/bugreport/crash.jsp
# The crash happened outside the Java Virtual Machine in native code.
# See problematic frame for where to report the bug.
#

---------------  T H R E A D  ---------------

Current thread (0x00007fa507805000):  JavaThread "main" [_thread_in_native, id=6403, stack(0x000070000d7f1000,0x000070000d8f1000)]

siginfo: si_signo: 11 (SIGSEGV), si_code: 1 (SEGV_MAPERR), si_addr: 0x0000000000000000

Registers:
RAX=0x0000000000000006, RBX=0x0000000000000006, RCX=0x00007fff34d51bf8, RDX=0x0000000000000004
RSP=0x000070000d8f0420, RBP=0x000070000d8f0640, RSI=0x0000000013400000, RDI=0x00007fff34d4fc86
R8 =0x0000000000000034, R9 =0x0000000000000006, R10=0x0000000006803013, R11=0x00007fa505ee36b0
R12=0x0000000000000000, R13=0x0000000006026010, R14=0x0000000000000001, R15=0x00007fa509000000
RIP=0x00007fff34d50370, EFLAGS=0x0000000000010206, ERR=0x0000000000000004
  TRAPNO=0x000000000000000e

Top of Stack: (sp=0x000070000d8f0420)
0x000070000d8f0420:   000070000d8f0460 0000000000000002
0x000070000d8f0430:   00007fa509000140 00007fa509000170
0x000070000d8f0440:   00007fa509000190 00007fa509000150
0x000070000d8f0450:   00007fa509000180 00007fa509000160
0x000070000d8f0460:   00007fa5090001a0 0000000000000002
0x000070000d8f0470:   00000000ffffffff 000000000797dee8
0x000070000d8f0480:   401e000000000000 0000000000000000
0x000070000d8f0490:   000070000d8f05a0 0000000129b34d5c
0x000070000d8f04a0:   0000000100000000 00007fa509000000
0x000070000d8f04b0:   0000000000000000 00000000fffffffe
0x000070000d8f04c0:   0000003401809804 0000000000000000
0x000070000d8f04d0:   0000000007954e00 0000000000000000
0x000070000d8f04e0:   0000000000000000 00007fa505ee36b0
0x000070000d8f04f0:   000070000d8f05d8 00007fa509000190
0x000070000d8f0500:   00000004ffffffff 0000000000000000
0x000070000d8f0510:   0000000000000000 0000000000000000
0x000070000d8f0520:   0000000000000000 0000000000000000
0x000070000d8f0530:   ffffffffffffffff 0000000000000034
0x000070000d8f0540:   00007fa509000190 00007fa509000190
0x000070000d8f0550:   0000000000000000 0000000000000000
0x000070000d8f0560:   ffffffffffffffff ffffffffffffffff
0x000070000d8f0570:   4ec394b8c07400df 0900019007973e00
0x000070000d8f0580:   0900019009000190 0000000609000190
0x000070000d8f0590:   0000000000000027 00007fa509000520
0x000070000d8f05a0:   4ec394b8c07400df 00007fa509000000
0x000070000d8f05b0:   0000000000000000 0000000000000000
0x000070000d8f05c0:   0000000000000000 00007fa507974c30
0x000070000d8f05d0:   0000000000000000 000000012cbbb060
0x000070000d8f05e0:   000000012cbfade0 0000000000000000
0x000070000d8f05f0:   00007fa509003da0 00007fa509003fb0
0x000070000d8f0600:   00007fa50902aba0 0000000000000000
0x000070000d8f0610:   4ec394b8c07400df 0000000000000000 

Instructions: (pc=0x00007fff34d50370)
0x00007fff34d50350:   f2 41 0f 10 0c 24 66 0f 14 c8 0f 5b e9 e9 0e 08
0x00007fff34d50360:   00 00 0f 14 e9 66 0f 3a 21 e8 28 e9 00 08 00 00
0x00007fff34d50370:   41 0f 28 2c 24 e9 f6 07 00 00 41 0f b7 04 24 41
0x00007fff34d50380:   0f b6 4c 24 02 c1 e1 10 09 c1 66 0f 6e d1 66 0f 

Register to memory mapping:

RAX=0x0000000000000006 is an unknown value
RBX=0x0000000000000006 is an unknown value
RCX=0x00007fff34d51bf8: gleRunVertexSubmitImmediate+0x3a58 in /System/Library/Frameworks/OpenGL.framework/Versions/A/Resources/GLEngine.bundle/GLEngine at 0x00007fff34c08000
RDX=0x0000000000000004 is an unknown value
RSP=0x000070000d8f0420 is pointing into the stack for thread: 0x00007fa507805000
RBP=0x000070000d8f0640 is pointing into the stack for thread: 0x00007fa507805000
RSI=0x0000000013400000 is an unknown value
RDI=0x00007fff34d4fc86: gleRunVertexSubmitImmediate+0x1ae6 in /System/Library/Frameworks/OpenGL.framework/Versions/A/Resources/GLEngine.bundle/GLEngine at 0x00007fff34c08000
R8 =0x0000000000000034 is an unknown value
R9 =0x0000000000000006 is an unknown value
R10=0x0000000006803013 is an unknown value
R11=0x00007fa505ee36b0 is an unknown value
R12=0x0000000000000000 is an unknown value
R13=0x0000000006026010 is an unknown value
R14=0x0000000000000001 is an unknown value
R15=0x00007fa509000000 is an unknown value


Stack: [0x000070000d7f1000,0x000070000d8f1000],  sp=0x000070000d8f0420,  free space=1021k
Native frames: (J=compiled Java code, j=interpreted, Vv=VM code, C=native code)
C  [GLEngine+0x148370]  gleRunVertexSubmitImmediate+0x21d0
C  [GLEngine+0x2691b]  glDrawArrays_Exec+0x37b
j  org.lwjgl.opengl.GL11.nglDrawArrays(IIIJ)V+0
j  org.lwjgl.opengl.GL11.glDrawArrays(III)V+20
j  minecraftsimulation.Chunk.render()V+47
j  minecraftsimulation.FPCameraController.gameLoop()V+210
j  minecraftsimulation.MinecraftSimulation.main([Ljava/lang/String;)V+22
v  ~StubRoutines::call_stub
V  [libjvm.dylib+0x2ee9aa]
V  [libjvm.dylib+0x3257c2]
V  [libjvm.dylib+0x31e539]
C  [java+0x3931]  JavaMain+0x9c4
C  [libsystem_pthread.dylib+0x3661]  _pthread_body+0x154
C  [libsystem_pthread.dylib+0x350d]  _pthread_body+0x0
C  [libsystem_pthread.dylib+0x2bf9]  thread_start+0xd
C  0x0000000000000000

Java frames: (J=compiled Java code, j=interpreted, Vv=VM code)
j  org.lwjgl.opengl.GL11.nglDrawArrays(IIIJ)V+0
j  org.lwjgl.opengl.GL11.glDrawArrays(III)V+20
j  minecraftsimulation.Chunk.render()V+47
j  minecraftsimulation.FPCameraController.gameLoop()V+210
j  minecraftsimulation.MinecraftSimulation.main([Ljava/lang/String;)V+22
v  ~StubRoutines::call_stub

---------------  P R O C E S S  ---------------

Java Threads: ( => current thread )
  0x00007fa5060ce000 JavaThread "AWT-Shutdown" [_thread_blocked, id=26411, stack(0x000070000e61b000,0x000070000e71b000)]
  0x00007fa5060d9800 JavaThread "AppKit Thread" daemon [_thread_in_native, id=775, stack(0x00007ffee0e36000,0x00007ffee1636000)]
  0x00007fa50600b000 JavaThread "Service Thread" daemon [_thread_blocked, id=18691, stack(0x000070000e415000,0x000070000e515000)]
  0x00007fa50681f000 JavaThread "C1 CompilerThread2" daemon [_thread_blocked, id=18947, stack(0x000070000e312000,0x000070000e412000)]
  0x00007fa50681e000 JavaThread "C2 CompilerThread1" daemon [_thread_blocked, id=14851, stack(0x000070000e20f000,0x000070000e30f000)]
  0x00007fa506830000 JavaThread "C2 CompilerThread0" daemon [_thread_blocked, id=14339, stack(0x000070000e10c000,0x000070000e20c000)]
  0x00007fa50682c800 JavaThread "Signal Dispatcher" daemon [_thread_blocked, id=13831, stack(0x000070000e009000,0x000070000e109000)]
  0x00007fa506029800 JavaThread "Finalizer" daemon [_thread_blocked, id=12547, stack(0x000070000df06000,0x000070000e006000)]
  0x00007fa506028800 JavaThread "Reference Handler" daemon [_thread_blocked, id=12035, stack(0x000070000de03000,0x000070000df03000)]
=>0x00007fa507805000 JavaThread "main" [_thread_in_native, id=6403, stack(0x000070000d7f1000,0x000070000d8f1000)]

Other Threads:
  0x00007fa50700c800 VMThread [stack: 0x000070000dd00000,0x000070000de00000] [id=21251]
  0x00007fa506831000 WatcherThread [stack: 0x000070000e518000,0x000070000e618000] [id=15619]

VM state:not at safepoint (normal execution)

VM Mutex/Monitor currently owned by a thread: None

Heap:
 PSYoungGen      total 38400K, used 12526K [0x0000000795580000, 0x0000000798000000, 0x00000007c0000000)
  eden space 33280K, 27% used [0x0000000795580000,0x0000000795e6b960,0x0000000797600000)
  from space 5120K, 66% used [0x0000000797600000,0x0000000797950020,0x0000000797b00000)
  to   space 5120K, 0% used [0x0000000797b00000,0x0000000797b00000,0x0000000798000000)
 ParOldGen       total 87552K, used 8K [0x0000000740000000, 0x0000000745580000, 0x0000000795580000)
  object space 87552K, 0% used [0x0000000740000000,0x0000000740002000,0x0000000745580000)
 Metaspace       used 6131K, capacity 6315K, committed 6400K, reserved 1056768K
  class space    used 627K, capacity 696K, committed 768K, reserved 1048576K

Card table byte_map: [0x0000000110367000,0x0000000110768000] byte_map_base: 0x000000010c967000

Marking Bits: (ParMarkBitMap*) 0x000000010f8f35d0
 Begin Bits: [0x0000000122d1e000, 0x0000000124d1e000)
 End Bits:   [0x0000000124d1e000, 0x0000000126d1e000)

Polling page: 0x000000010e646000

CodeCache: size=245760Kb used=1923Kb max_used=1923Kb free=243836Kb
 bounds [0x0000000113d1e000, 0x0000000113f8e000, 0x0000000122d1e000]
 total_blobs=777 nmethods=424 adapters=267
 compilation: enabled

Compilation events (10 events):
Event: 1.030 Thread 0x00007fa50681f000  418       3       java.nio.Bits::unreserveMemory (63 bytes)
Event: 1.030 Thread 0x00007fa50681f000 nmethod 418 0x0000000113efd4d0 code [0x0000000113efd640, 0x0000000113efda90]
Event: 1.030 Thread 0x00007fa50681f000  421   !   3       java.lang.ref.ReferenceQueue::enqueue (119 bytes)
Event: 1.031 Thread 0x00007fa50681f000 nmethod 421 0x0000000113efdbd0 code [0x0000000113efdd80, 0x0000000113efe508]
Event: 1.031 Thread 0x00007fa50681f000  423       3       sun.misc.VM::addFinalRefCount (24 bytes)
Event: 1.032 Thread 0x00007fa50681f000 nmethod 423 0x0000000113efe710 code [0x0000000113efe880, 0x0000000113efea30]
Event: 1.032 Thread 0x00007fa50681f000  422   !   3       java.util.zip.ZipFile$ZipFileInputStream::close (110 bytes)
Event: 1.033 Thread 0x00007fa50681f000 nmethod 422 0x0000000113efea90 code [0x0000000113efec40, 0x0000000113eff478]
Event: 1.058 Thread 0x00007fa50681f000  424       1       java.lang.CharacterDataLatin1::getProperties (11 bytes)
Event: 1.058 Thread 0x00007fa50681f000 nmethod 424 0x0000000113eff810 code [0x0000000113eff980, 0x0000000113effab0]

GC Heap History (2 events):
Event: 1.024 GC heap before
{Heap before GC invocations=1 (full 0):
 PSYoungGen      total 38400K, used 33280K [0x0000000795580000, 0x0000000798000000, 0x00000007c0000000)
  eden space 33280K, 100% used [0x0000000795580000,0x0000000797600000,0x0000000797600000)
  from space 5120K, 0% used [0x0000000797b00000,0x0000000797b00000,0x0000000798000000)
  to   space 5120K, 0% used [0x0000000797600000,0x0000000797600000,0x0000000797b00000)
 ParOldGen       total 87552K, used 0K [0x0000000740000000, 0x0000000745580000, 0x0000000795580000)
  object space 87552K, 0% used [0x0000000740000000,0x0000000740000000,0x0000000745580000)
 Metaspace       used 6117K, capacity 6251K, committed 6400K, reserved 1056768K
  class space    used 627K, capacity 696K, committed 768K, reserved 1048576K
Event: 1.027 GC heap after
Heap after GC invocations=1 (full 0):
 PSYoungGen      total 38400K, used 3392K [0x0000000795580000, 0x0000000798000000, 0x00000007c0000000)
  eden space 33280K, 0% used [0x0000000795580000,0x0000000795580000,0x0000000797600000)
  from space 5120K, 66% used [0x0000000797600000,0x0000000797950020,0x0000000797b00000)
  to   space 5120K, 0% used [0x0000000797b00000,0x0000000797b00000,0x0000000798000000)
 ParOldGen       total 87552K, used 8K [0x0000000740000000, 0x0000000745580000, 0x0000000795580000)
  object space 87552K, 0% used [0x0000000740000000,0x0000000740002000,0x0000000745580000)
 Metaspace       used 6117K, capacity 6251K, committed 6400K, reserved 1056768K
  class space    used 627K, capacity 696K, committed 768K, reserved 1048576K
}

Deoptimization events (0 events):
No events

Internal exceptions (10 events):
Event: 0.038 Thread 0x00007fa507805000 Exception <a 'java/lang/NoSuchMethodError': Method sun.misc.Unsafe.defineClass(Ljava/lang/String;[BII)Ljava/lang/Class; name or signature does not match> (0x0000000795587ca8) thrown at [/Users/java_re/workspace/8-2-build-macosx-x86_64/jdk8u151/9699/hotspo
Event: 0.038 Thread 0x00007fa507805000 Exception <a 'java/lang/NoSuchMethodError': Method sun.misc.Unsafe.prefetchRead(Ljava/lang/Object;J)V name or signature does not match> (0x0000000795587f90) thrown at [/Users/java_re/workspace/8-2-build-macosx-x86_64/jdk8u151/9699/hotspot/src/share/vm/pri
Event: 0.174 Thread 0x00007fa507805000 Exception <a 'java/security/PrivilegedActionException'> (0x00000007957448f0) thrown at [/Users/java_re/workspace/8-2-build-macosx-x86_64/jdk8u151/9699/hotspot/src/share/vm/prims/jvm.cpp, line 1390]
Event: 0.174 Thread 0x00007fa507805000 Exception <a 'java/security/PrivilegedActionException'> (0x0000000795744b00) thrown at [/Users/java_re/workspace/8-2-build-macosx-x86_64/jdk8u151/9699/hotspot/src/share/vm/prims/jvm.cpp, line 1390]
Event: 0.174 Thread 0x00007fa507805000 Exception <a 'java/security/PrivilegedActionException'> (0x0000000795748018) thrown at [/Users/java_re/workspace/8-2-build-macosx-x86_64/jdk8u151/9699/hotspot/src/share/vm/prims/jvm.cpp, line 1390]
Event: 0.174 Thread 0x00007fa507805000 Exception <a 'java/security/PrivilegedActionException'> (0x0000000795748228) thrown at [/Users/java_re/workspace/8-2-build-macosx-x86_64/jdk8u151/9699/hotspot/src/share/vm/prims/jvm.cpp, line 1390]
Event: 0.226 Thread 0x00007fa507805000 Exception <a 'java/lang/NoSuchFieldError': method resolution failed> (0x0000000795815018) thrown at [/Users/java_re/workspace/8-2-build-macosx-x86_64/jdk8u151/9699/hotspot/src/share/vm/prims/methodHandles.cpp, line 1146]
Event: 0.229 Thread 0x00007fa507805000 Exception <a 'java/lang/NoSuchFieldError': method resolution failed> (0x0000000795822970) thrown at [/Users/java_re/workspace/8-2-build-macosx-x86_64/jdk8u151/9699/hotspot/src/share/vm/prims/methodHandles.cpp, line 1146]
Event: 0.649 Thread 0x00007fa507805000 Exception <a 'java/io/FileNotFoundException'> (0x000000079589da50) thrown at [/Users/java_re/workspace/8-2-build-macosx-x86_64/jdk8u151/9699/hotspot/src/share/vm/prims/jni.cpp, line 709]
Event: 0.649 Thread 0x00007fa507805000 Exception <a 'java/io/FileNotFoundException'> (0x000000079589e5d0) thrown at [/Users/java_re/workspace/8-2-build-macosx-x86_64/jdk8u151/9699/hotspot/src/share/vm/prims/jni.cpp, line 709]

Events (10 events):
Event: 0.972 Thread 0x00007fa507805000 DEOPT PACKING pc=0x0000000113ef68bb sp=0x000070000d8f06c0
Event: 0.972 Thread 0x00007fa507805000 DEOPT UNPACKING pc=0x0000000113d65633 sp=0x000070000d8f0410 mode 0
Event: 0.972 Thread 0x00007fa507805000 DEOPT PACKING pc=0x0000000113ef68bb sp=0x000070000d8f06c0
Event: 0.972 Thread 0x00007fa507805000 DEOPT UNPACKING pc=0x0000000113d65633 sp=0x000070000d8f0410 mode 0
Event: 0.972 Thread 0x00007fa507805000 DEOPT PACKING pc=0x0000000113ef68bb sp=0x000070000d8f06c0
Event: 0.972 Thread 0x00007fa507805000 DEOPT UNPACKING pc=0x0000000113d65633 sp=0x000070000d8f0410 mode 0
Event: 1.024 Executing VM operation: ParallelGCFailedAllocation
Event: 1.027 Executing VM operation: ParallelGCFailedAllocation done
Event: 1.058 loading class org/lwjgl/opengl/GLChecks
Event: 1.058 loading class org/lwjgl/opengl/GLChecks done


Dynamic libraries:
0x0000000002b9b000 	/System/Library/Frameworks/Cocoa.framework/Versions/A/Cocoa
0x0000000002b9b000 	/System/Library/Frameworks/Security.framework/Versions/A/Security
0x0000000002b9b000 	/System/Library/Frameworks/ApplicationServices.framework/Versions/A/ApplicationServices
0x0000000002b9b000 	/usr/lib/libz.1.dylib
0x0000000002b9b000 	/usr/lib/libSystem.B.dylib
0x0000000002b9b000 	/usr/lib/libobjc.A.dylib
0x0000000002b9b000 	/System/Library/Frameworks/CoreFoundation.framework/Versions/A/CoreFoundation
0x0000000002b9b000 	/System/Library/Frameworks/Foundation.framework/Versions/C/Foundation
0x0000000002b9b000 	/System/Library/Frameworks/AppKit.framework/Versions/C/AppKit
0x0000000002b9b000 	/System/Library/Frameworks/CoreData.framework/Versions/A/CoreData
0x0000000002b9b000 	/System/Library/PrivateFrameworks/RemoteViewServices.framework/Versions/A/RemoteViewServices
0x0000000002b9b000 	/System/Library/PrivateFrameworks/UIFoundation.framework/Versions/A/UIFoundation
0x0000000002b9b000 	/System/Library/PrivateFrameworks/DFRFoundation.framework/Versions/A/DFRFoundation
0x0000000002b9b000 	/System/Library/Frameworks/Metal.framework/Versions/A/Metal
0x0000000002b9b000 	/System/Library/PrivateFrameworks/DesktopServicesPriv.framework/Versions/A/DesktopServicesPriv
0x0000000002b9b000 	/usr/lib/libenergytrace.dylib
0x0000000002b9b000 	/System/Library/PrivateFrameworks/SkyLight.framework/Versions/A/SkyLight
0x0000000002b9b000 	/System/Library/Frameworks/CoreGraphics.framework/Versions/A/CoreGraphics
0x0000000002b9b000 	/usr/lib/libScreenReader.dylib
0x0000000002b9b000 	/System/Library/Frameworks/Accelerate.framework/Versions/A/Accelerate
0x0000000002b9b000 	/System/Library/Frameworks/IOSurface.framework/Versions/A/IOSurface
0x0000000002b9b000 	/System/Library/Frameworks/AudioToolbox.framework/Versions/A/AudioToolbox
0x0000000002b9b000 	/System/Library/Frameworks/AudioUnit.framework/Versions/A/AudioUnit
0x0000000002b9b000 	/System/Library/PrivateFrameworks/DataDetectorsCore.framework/Versions/A/DataDetectorsCore
0x0000000002b9b000 	/System/Library/Frameworks/Carbon.framework/Versions/A/Frameworks/HIToolbox.framework/Versions/A/HIToolbox
0x0000000002b9b000 	/usr/lib/libicucore.A.dylib
0x0000000002b9b000 	/System/Library/Frameworks/QuartzCore.framework/Versions/A/QuartzCore
0x0000000002b9b000 	/System/Library/PrivateFrameworks/SignpostNotification.framework/Versions/A/SignpostNotification
0x0000000002b9b000 	/System/Library/Frameworks/Carbon.framework/Versions/A/Frameworks/SpeechRecognition.framework/Versions/A/SpeechRecognition
0x0000000002b9b000 	/usr/lib/libauto.dylib
0x0000000002b9b000 	/usr/lib/libxml2.2.dylib
0x0000000002b9b000 	/System/Library/PrivateFrameworks/CoreUI.framework/Versions/A/CoreUI
0x0000000002b9b000 	/System/Library/Frameworks/CoreAudio.framework/Versions/A/CoreAudio
0x0000000002b9b000 	/System/Library/Frameworks/DiskArbitration.framework/Versions/A/DiskArbitration
0x0000000002b9b000 	/usr/lib/liblangid.dylib
0x0000000002b9b000 	/System/Library/PrivateFrameworks/MultitouchSupport.framework/Versions/A/MultitouchSupport
0x0000000002b9b000 	/System/Library/Frameworks/IOKit.framework/Versions/A/IOKit
0x0000000002b9b000 	/usr/lib/libDiagnosticMessagesClient.dylib
0x0000000002b9b000 	/System/Library/Frameworks/CoreServices.framework/Versions/A/CoreServices
0x0000000002b9b000 	/System/Library/PrivateFrameworks/PerformanceAnalysis.framework/Versions/A/PerformanceAnalysis
0x0000000002b9b000 	/System/Library/Frameworks/OpenGL.framework/Versions/A/OpenGL
0x0000000002b9b000 	/System/Library/Frameworks/ColorSync.framework/Versions/A/ColorSync
0x0000000002b9b000 	/System/Library/Frameworks/CoreImage.framework/Versions/A/CoreImage
0x0000000002b9b000 	/System/Library/Frameworks/CoreText.framework/Versions/A/CoreText
0x0000000002b9b000 	/System/Library/Frameworks/ImageIO.framework/Versions/A/ImageIO
0x0000000002b9b000 	/System/Library/PrivateFrameworks/Backup.framework/Versions/A/Backup
0x0000000002b9b000 	/usr/lib/libarchive.2.dylib
0x0000000002b9b000 	/System/Library/Frameworks/CFNetwork.framework/Versions/A/CFNetwork
0x0000000002b9b000 	/System/Library/Frameworks/SystemConfiguration.framework/Versions/A/SystemConfiguration
0x0000000002b9b000 	/usr/lib/libCRFSuite.dylib
0x0000000002b9b000 	/usr/lib/libc++.1.dylib
0x0000000002b9b000 	/usr/lib/libc++abi.dylib
0x0000000002b9b000 	/usr/lib/system/libcache.dylib
0x0000000002b9b000 	/usr/lib/system/libcommonCrypto.dylib
0x0000000002b9b000 	/usr/lib/system/libcompiler_rt.dylib
0x0000000002b9b000 	/usr/lib/system/libcopyfile.dylib
0x0000000002b9b000 	/usr/lib/system/libcorecrypto.dylib
0x0000000002b9b000 	/usr/lib/system/libdispatch.dylib
0x0000000002b9b000 	/usr/lib/system/libdyld.dylib
0x0000000002b9b000 	/usr/lib/system/libkeymgr.dylib
0x0000000002b9b000 	/usr/lib/system/liblaunch.dylib
0x0000000002b9b000 	/usr/lib/system/libmacho.dylib
0x0000000002b9b000 	/usr/lib/system/libquarantine.dylib
0x0000000002b9b000 	/usr/lib/system/libremovefile.dylib
0x0000000002b9b000 	/usr/lib/system/libsystem_asl.dylib
0x0000000002b9b000 	/usr/lib/system/libsystem_blocks.dylib
0x0000000002b9b000 	/usr/lib/system/libsystem_c.dylib
0x0000000002b9b000 	/usr/lib/system/libsystem_configuration.dylib
0x0000000002b9b000 	/usr/lib/system/libsystem_coreservices.dylib
0x0000000002b9b000 	/usr/lib/system/libsystem_darwin.dylib
0x0000000002b9b000 	/usr/lib/system/libsystem_dnssd.dylib
0x0000000002b9b000 	/usr/lib/system/libsystem_info.dylib
0x0000000002b9b000 	/usr/lib/system/libsystem_m.dylib
0x0000000002b9b000 	/usr/lib/system/libsystem_malloc.dylib
0x0000000002b9b000 	/usr/lib/system/libsystem_network.dylib
0x0000000002b9b000 	/usr/lib/system/libsystem_networkextension.dylib
0x0000000002b9b000 	/usr/lib/system/libsystem_notify.dylib
0x0000000002b9b000 	/usr/lib/system/libsystem_sandbox.dylib
0x0000000002b9b000 	/usr/lib/system/libsystem_secinit.dylib
0x0000000002b9b000 	/usr/lib/system/libsystem_kernel.dylib
0x0000000002b9b000 	/usr/lib/system/libsystem_platform.dylib
0x0000000002b9b000 	/usr/lib/system/libsystem_pthread.dylib
0x0000000002b9b000 	/usr/lib/system/libsystem_symptoms.dylib
0x0000000002b9b000 	/usr/lib/system/libsystem_trace.dylib
0x0000000002b9b000 	/usr/lib/system/libunwind.dylib
0x0000000002b9b000 	/usr/lib/system/libxpc.dylib
0x0000000002b9b000 	/usr/lib/closure/libclosured.dylib
0x0000000002b9b000 	/usr/lib/libbsm.0.dylib
0x0000000002b9b000 	/usr/lib/system/libkxld.dylib
0x0000000002b9b000 	/usr/lib/libOpenScriptingUtil.dylib
0x0000000002b9b000 	/usr/lib/libcoretls.dylib
0x0000000002b9b000 	/usr/lib/libcoretls_cfhelpers.dylib
0x0000000002b9b000 	/usr/lib/libpam.2.dylib
0x0000000002b9b000 	/usr/lib/libsqlite3.dylib
0x0000000002b9b000 	/usr/lib/libxar.1.dylib
0x0000000002b9b000 	/usr/lib/libbz2.1.0.dylib
0x0000000002b9b000 	/usr/lib/liblzma.5.dylib
0x0000000002b9b000 	/usr/lib/libnetwork.dylib
0x0000000002b9b000 	/usr/lib/libapple_nghttp2.dylib
0x0000000002b9b000 	/usr/lib/libpcap.A.dylib
0x0000000002b9b000 	/usr/lib/libboringssl.dylib
0x0000000002b9b000 	/usr/lib/libusrtcp.dylib
0x0000000002b9b000 	/usr/lib/libapple_crypto.dylib
0x0000000002b9b000 	/System/Library/Frameworks/CoreServices.framework/Versions/A/Frameworks/FSEvents.framework/Versions/A/FSEvents
0x0000000002b9b000 	/System/Library/Frameworks/CoreServices.framework/Versions/A/Frameworks/CarbonCore.framework/Versions/A/CarbonCore
0x0000000002b9b000 	/System/Library/Frameworks/CoreServices.framework/Versions/A/Frameworks/Metadata.framework/Versions/A/Metadata
0x0000000002b9b000 	/System/Library/Frameworks/CoreServices.framework/Versions/A/Frameworks/OSServices.framework/Versions/A/OSServices
0x0000000002b9b000 	/System/Library/Frameworks/CoreServices.framework/Versions/A/Frameworks/SearchKit.framework/Versions/A/SearchKit
0x0000000002b9b000 	/System/Library/Frameworks/CoreServices.framework/Versions/A/Frameworks/AE.framework/Versions/A/AE
0x0000000002b9b000 	/System/Library/Frameworks/CoreServices.framework/Versions/A/Frameworks/LaunchServices.framework/Versions/A/LaunchServices
0x0000000002b9b000 	/System/Library/Frameworks/CoreServices.framework/Versions/A/Frameworks/DictionaryServices.framework/Versions/A/DictionaryServices
0x0000000002b9b000 	/System/Library/Frameworks/CoreServices.framework/Versions/A/Frameworks/SharedFileList.framework/Versions/A/SharedFileList
0x0000000002b9b000 	/System/Library/Frameworks/NetFS.framework/Versions/A/NetFS
0x0000000002b9b000 	/System/Library/PrivateFrameworks/NetAuth.framework/Versions/A/NetAuth
0x0000000002b9b000 	/System/Library/PrivateFrameworks/login.framework/Versions/A/Frameworks/loginsupport.framework/Versions/A/loginsupport
0x0000000002b9b000 	/System/Library/PrivateFrameworks/TCC.framework/Versions/A/TCC
0x0000000002b9b000 	/usr/lib/libmecabra.dylib
0x0000000002b9b000 	/System/Library/Frameworks/ApplicationServices.framework/Versions/A/Frameworks/ATS.framework/Versions/A/ATS
0x0000000002b9b000 	/System/Library/Frameworks/ApplicationServices.framework/Versions/A/Frameworks/ColorSyncLegacy.framework/Versions/A/ColorSyncLegacy
0x0000000002b9b000 	/System/Library/Frameworks/ApplicationServices.framework/Versions/A/Frameworks/HIServices.framework/Versions/A/HIServices
0x0000000002b9b000 	/System/Library/Frameworks/ApplicationServices.framework/Versions/A/Frameworks/LangAnalysis.framework/Versions/A/LangAnalysis
0x0000000002b9b000 	/System/Library/Frameworks/ApplicationServices.framework/Versions/A/Frameworks/PrintCore.framework/Versions/A/PrintCore
0x0000000002b9b000 	/System/Library/Frameworks/ApplicationServices.framework/Versions/A/Frameworks/QD.framework/Versions/A/QD
0x0000000002b9b000 	/System/Library/Frameworks/ApplicationServices.framework/Versions/A/Frameworks/SpeechSynthesis.framework/Versions/A/SpeechSynthesis
0x0000000002b9b000 	/System/Library/Frameworks/CoreDisplay.framework/Versions/A/CoreDisplay
0x0000000002b9b000 	/System/Library/Frameworks/Accelerate.framework/Versions/A/Frameworks/vImage.framework/Versions/A/vImage
0x0000000002b9b000 	/System/Library/Frameworks/Accelerate.framework/Versions/A/Frameworks/vecLib.framework/Versions/A/vecLib
0x0000000002b9b000 	/System/Library/Frameworks/Accelerate.framework/Versions/A/Frameworks/vecLib.framework/Versions/A/libvDSP.dylib
0x0000000002b9b000 	/System/Library/Frameworks/Accelerate.framework/Versions/A/Frameworks/vecLib.framework/Versions/A/libBNNS.dylib
0x0000000002b9b000 	/System/Library/Frameworks/Accelerate.framework/Versions/A/Frameworks/vecLib.framework/Versions/A/libQuadrature.dylib
0x0000000002b9b000 	/System/Library/Frameworks/Accelerate.framework/Versions/A/Frameworks/vecLib.framework/Versions/A/libvMisc.dylib
0x0000000002b9b000 	/System/Library/Frameworks/Accelerate.framework/Versions/A/Frameworks/vecLib.framework/Versions/A/libLAPACK.dylib
0x0000000002b9b000 	/System/Library/Frameworks/Accelerate.framework/Versions/A/Frameworks/vecLib.framework/Versions/A/libBLAS.dylib
0x0000000002b9b000 	/System/Library/Frameworks/Accelerate.framework/Versions/A/Frameworks/vecLib.framework/Versions/A/libLinearAlgebra.dylib
0x0000000002b9b000 	/System/Library/Frameworks/Accelerate.framework/Versions/A/Frameworks/vecLib.framework/Versions/A/libSparse.dylib
0x0000000002b9b000 	/System/Library/Frameworks/Accelerate.framework/Versions/A/Frameworks/vecLib.framework/Versions/A/libSparseBLAS.dylib
0x0000000002b9b000 	/System/Library/PrivateFrameworks/GPUWrangler.framework/Versions/A/GPUWrangler
0x0000000002b9b000 	/System/Library/PrivateFrameworks/IOAccelerator.framework/Versions/A/IOAccelerator
0x0000000002b9b000 	/System/Library/PrivateFrameworks/IOPresentment.framework/Versions/A/IOPresentment
0x0000000002b9b000 	/System/Library/PrivateFrameworks/DSExternalDisplay.framework/Versions/A/DSExternalDisplay
0x0000000002b9b000 	/System/Library/Frameworks/OpenGL.framework/Versions/A/Libraries/libCoreFSCache.dylib
0x0000000002b9b000 	/System/Library/Frameworks/CoreVideo.framework/Versions/A/CoreVideo
0x0000000002b9b000 	/System/Library/PrivateFrameworks/GraphVisualizer.framework/Versions/A/GraphVisualizer
0x0000000002b9b000 	/System/Library/Frameworks/MetalPerformanceShaders.framework/Versions/A/MetalPerformanceShaders
0x0000000002b9b000 	/usr/lib/libFosl_dynamic.dylib
0x0000000002b9b000 	/System/Library/PrivateFrameworks/FaceCore.framework/Versions/A/FaceCore
0x0000000002b9b000 	/System/Library/Frameworks/OpenCL.framework/Versions/A/OpenCL
0x0000000002b9b000 	/usr/lib/libcompression.dylib
0x0000000002b9b000 	/System/Library/Frameworks/ApplicationServices.framework/Versions/A/Frameworks/ATS.framework/Versions/A/Resources/libFontParser.dylib
0x0000000002b9b000 	/System/Library/Frameworks/ApplicationServices.framework/Versions/A/Frameworks/ATS.framework/Versions/A/Resources/libFontRegistry.dylib
0x0000000002b9b000 	/System/Library/Frameworks/ImageIO.framework/Versions/A/Resources/libJPEG.dylib
0x0000000002b9b000 	/System/Library/Frameworks/ImageIO.framework/Versions/A/Resources/libTIFF.dylib
0x0000000002b9b000 	/System/Library/Frameworks/ImageIO.framework/Versions/A/Resources/libPng.dylib
0x0000000002b9b000 	/System/Library/Frameworks/ImageIO.framework/Versions/A/Resources/libGIF.dylib
0x0000000002b9b000 	/System/Library/Frameworks/ImageIO.framework/Versions/A/Resources/libJP2.dylib
0x0000000002b9b000 	/System/Library/Frameworks/ImageIO.framework/Versions/A/Resources/libRadiance.dylib
0x0000000002b9b000 	/System/Library/PrivateFrameworks/AppleJPEG.framework/Versions/A/AppleJPEG
0x0000000002b9b000 	/System/Library/Frameworks/MetalPerformanceShaders.framework/Frameworks/MPSCore.framework/Versions/A/MPSCore
0x0000000002b9b000 	/System/Library/Frameworks/MetalPerformanceShaders.framework/Frameworks/MPSImage.framework/Versions/A/MPSImage
0x0000000002b9b000 	/System/Library/Frameworks/MetalPerformanceShaders.framework/Frameworks/MPSNeuralNetwork.framework/Versions/A/MPSNeuralNetwork
0x0000000002b9b000 	/System/Library/Frameworks/MetalPerformanceShaders.framework/Frameworks/MPSMatrix.framework/Versions/A/MPSMatrix
0x0000000002b9b000 	/System/Library/PrivateFrameworks/MetalTools.framework/Versions/A/MetalTools
0x0000000002b9b000 	/System/Library/Frameworks/OpenGL.framework/Versions/A/Libraries/libGLU.dylib
0x0000000002b9b000 	/System/Library/Frameworks/OpenGL.framework/Versions/A/Libraries/libGFXShared.dylib
0x0000000002b9b000 	/System/Library/Frameworks/OpenGL.framework/Versions/A/Libraries/libGL.dylib
0x0000000002b9b000 	/System/Library/Frameworks/OpenGL.framework/Versions/A/Libraries/libGLImage.dylib
0x0000000002b9b000 	/System/Library/Frameworks/OpenGL.framework/Versions/A/Libraries/libCVMSPluginSupport.dylib
0x0000000002b9b000 	/System/Library/Frameworks/OpenGL.framework/Versions/A/Libraries/libCoreVMClient.dylib
0x0000000002b9b000 	/usr/lib/libcups.2.dylib
0x0000000002b9b000 	/System/Library/Frameworks/Kerberos.framework/Versions/A/Kerberos
0x0000000002b9b000 	/System/Library/Frameworks/GSS.framework/Versions/A/GSS
0x0000000002b9b000 	/usr/lib/libresolv.9.dylib
0x0000000002b9b000 	/usr/lib/libiconv.2.dylib
0x0000000002b9b000 	/System/Library/PrivateFrameworks/Heimdal.framework/Versions/A/Heimdal
0x0000000002b9b000 	/usr/lib/libheimdal-asn1.dylib
0x0000000002b9b000 	/System/Library/Frameworks/OpenDirectory.framework/Versions/A/OpenDirectory
0x0000000002b9b000 	/System/Library/PrivateFrameworks/CommonAuth.framework/Versions/A/CommonAuth
0x0000000002b9b000 	/System/Library/Frameworks/OpenDirectory.framework/Versions/A/Frameworks/CFOpenDirectory.framework/Versions/A/CFOpenDirectory
0x0000000002b9b000 	/System/Library/Frameworks/SecurityFoundation.framework/Versions/A/SecurityFoundation
0x0000000002b9b000 	/System/Library/PrivateFrameworks/APFS.framework/Versions/A/APFS
0x0000000002b9b000 	/usr/lib/libutil.dylib
0x0000000002b9b000 	/System/Library/PrivateFrameworks/AppleSauce.framework/Versions/A/AppleSauce
0x0000000002b9b000 	/System/Library/PrivateFrameworks/LinguisticData.framework/Versions/A/LinguisticData
0x0000000002b9b000 	/usr/lib/libmarisa.dylib
0x0000000002b9b000 	/System/Library/PrivateFrameworks/Lexicon.framework/Versions/A/Lexicon
0x0000000002b9b000 	/usr/lib/libChineseTokenizer.dylib
0x0000000002b9b000 	/usr/lib/libcmph.dylib
0x0000000002b9b000 	/System/Library/PrivateFrameworks/LanguageModeling.framework/Versions/A/LanguageModeling
0x0000000002b9b000 	/System/Library/PrivateFrameworks/CoreEmoji.framework/Versions/A/CoreEmoji
0x0000000002b9b000 	/System/Library/Frameworks/ServiceManagement.framework/Versions/A/ServiceManagement
0x0000000002b9b000 	/System/Library/PrivateFrameworks/BackgroundTaskManagement.framework/Versions/A/BackgroundTaskManagement
0x0000000002b9b000 	/usr/lib/libxslt.1.dylib
0x0000000002b9b000 	/System/Library/Frameworks/Carbon.framework/Versions/A/Frameworks/Ink.framework/Versions/A/Ink
0x0000000002b9b000 	/System/Library/PrivateFrameworks/TextureIO.framework/Versions/A/TextureIO
0x0000000002b9b000 	/usr/lib/libate.dylib
0x0000000002b9b000 	/System/Library/PrivateFrameworks/CrashReporterSupport.framework/Versions/A/CrashReporterSupport
0x0000000002b9b000 	/System/Library/PrivateFrameworks/Sharing.framework/Versions/A/Sharing
0x0000000002b9b000 	/System/Library/PrivateFrameworks/IconServices.framework/Versions/A/IconServices
0x0000000002b9b000 	/System/Library/PrivateFrameworks/Apple80211.framework/Versions/A/Apple80211
0x0000000002b9b000 	/System/Library/PrivateFrameworks/CoreUtils.framework/Versions/A/CoreUtils
0x0000000002b9b000 	/System/Library/Frameworks/CoreWLAN.framework/Versions/A/CoreWLAN
0x0000000002b9b000 	/System/Library/Frameworks/IOBluetooth.framework/Versions/A/IOBluetooth
0x0000000002b9b000 	/System/Library/PrivateFrameworks/ProtocolBuffer.framework/Versions/A/ProtocolBuffer
0x0000000002b9b000 	/System/Library/PrivateFrameworks/CoreWiFi.framework/Versions/A/CoreWiFi
0x0000000002b9b000 	/System/Library/Frameworks/CoreBluetooth.framework/Versions/A/CoreBluetooth
0x0000000002b9b000 	/System/Library/PrivateFrameworks/DebugSymbols.framework/Versions/A/DebugSymbols
0x0000000002b9b000 	/System/Library/PrivateFrameworks/CoreSymbolication.framework/Versions/A/CoreSymbolication
0x0000000002b9b000 	/System/Library/PrivateFrameworks/Symbolication.framework/Versions/A/Symbolication
0x0000000002b9b000 	/System/Library/PrivateFrameworks/AppleFSCompression.framework/Versions/A/AppleFSCompression
0x0000000002b9b000 	/System/Library/PrivateFrameworks/SpeechRecognitionCore.framework/Versions/A/SpeechRecognitionCore
0x000000010f000000 	/Library/Java/JavaVirtualMachines/jdk1.8.0_151.jdk/Contents/Home/jre/lib/server/libjvm.dylib
0x0000000002b9b000 	/usr/lib/libstdc++.6.0.9.dylib
0x000000010e603000 	/Library/Java/JavaVirtualMachines/jdk1.8.0_151.jdk/Contents/Home/jre/lib/libverify.dylib
0x000000010e611000 	/Library/Java/JavaVirtualMachines/jdk1.8.0_151.jdk/Contents/Home/jre/lib/libjava.dylib
0x000000010e690000 	/Library/Java/JavaVirtualMachines/jdk1.8.0_151.jdk/Contents/Home/jre/lib/libzip.dylib
0x0000000002b9b000 	/System/Library/Frameworks/JavaVM.framework/Versions/A/Frameworks/JavaRuntimeSupport.framework/Versions/A/JavaRuntimeSupport
0x0000000002b9b000 	/System/Library/Frameworks/JavaVM.framework/Versions/A/Frameworks/JavaNativeFoundation.framework/Versions/A/JavaNativeFoundation
0x0000000002b9b000 	/System/Library/Frameworks/JavaVM.framework/Versions/A/JavaVM
0x0000000002b9b000 	/System/Library/Frameworks/Carbon.framework/Versions/A/Carbon
0x0000000002b9b000 	/System/Library/PrivateFrameworks/JavaLaunching.framework/Versions/A/JavaLaunching
0x0000000002b9b000 	/System/Library/Frameworks/Carbon.framework/Versions/A/Frameworks/CommonPanels.framework/Versions/A/CommonPanels
0x0000000002b9b000 	/System/Library/Frameworks/Carbon.framework/Versions/A/Frameworks/Help.framework/Versions/A/Help
0x0000000002b9b000 	/System/Library/Frameworks/Carbon.framework/Versions/A/Frameworks/ImageCapture.framework/Versions/A/ImageCapture
0x0000000002b9b000 	/System/Library/Frameworks/Carbon.framework/Versions/A/Frameworks/OpenScripting.framework/Versions/A/OpenScripting
0x0000000002b9b000 	/System/Library/Frameworks/Carbon.framework/Versions/A/Frameworks/Print.framework/Versions/A/Print
0x0000000002b9b000 	/System/Library/Frameworks/Carbon.framework/Versions/A/Frameworks/SecurityHI.framework/Versions/A/SecurityHI
0x000000011281b000 	/Library/Java/JavaVirtualMachines/jdk1.8.0_151.jdk/Contents/Home/jre/lib/libawt.dylib
0x00000001128c3000 	/Library/Java/JavaVirtualMachines/jdk1.8.0_151.jdk/Contents/Home/jre/lib/./libmlib_image.dylib
0x000000011298f000 	/Library/Java/JavaVirtualMachines/jdk1.8.0_151.jdk/Contents/Home/jre/lib/libawt_lwawt.dylib
0x0000000112a46000 	/Library/Java/JavaVirtualMachines/jdk1.8.0_151.jdk/Contents/Home/jre/lib/./libosxapp.dylib
0x0000000002b9b000 	/System/Library/Frameworks/ExceptionHandling.framework/Versions/A/ExceptionHandling
0x0000000002b9b000 	/System/Library/PrivateFrameworks/CoreServicesInternal.framework/Versions/A/CoreServicesInternal
0x0000000002b9b000 	/System/Library/CoreServices/RawCamera.bundle/Contents/MacOS/RawCamera
0x0000000002b9b000 	/System/Library/PrivateFrameworks/MobileAsset.framework/Versions/A/MobileAsset
0x0000000002b9b000 	/System/Library/PrivateFrameworks/StreamingZip.framework/Versions/A/StreamingZip
0x0000000002b9b000 	/System/Library/Frameworks/MediaToolbox.framework/Versions/A/MediaToolbox
0x0000000002b9b000 	/System/Library/PrivateFrameworks/CoreAVCHD.framework/Versions/A/CoreAVCHD
0x0000000002b9b000 	/System/Library/Frameworks/MediaAccessibility.framework/Versions/A/MediaAccessibility
0x0000000002b9b000 	/System/Library/PrivateFrameworks/Mangrove.framework/Versions/A/Mangrove
0x0000000002b9b000 	/System/Library/Frameworks/CoreMedia.framework/Versions/A/CoreMedia
0x0000000002b9b000 	/System/Library/Frameworks/VideoToolbox.framework/Versions/A/VideoToolbox
0x0000000002b9b000 	/System/Library/PrivateFrameworks/CoreAUC.framework/Versions/A/CoreAUC
0x0000000002b9b000 	/usr/lib/libspindump.dylib
0x0000000002b9b000 	/System/Library/PrivateFrameworks/AppleVA.framework/Versions/A/AppleVA
0x0000000002b9b000 	/System/Library/Frameworks/Accelerate.framework/Versions/A/Frameworks/vImage.framework/Versions/A/Libraries/libCGInterfaces.dylib
0x0000000002b9b000 	/System/Library/Frameworks/ApplicationServices.framework/Versions/A/Frameworks/ATS.framework/Versions/A/Resources/libTrueTypeScaler.dylib
0x0000000002b9b000 	/System/Library/Extensions/AppleIntelKBLGraphicsMTLDriver.bundle/Contents/MacOS/AppleIntelKBLGraphicsMTLDriver
0x0000000002b9b000 	/System/Library/PrivateFrameworks/GPUCompiler.framework/Versions/3802/Libraries/libmetal_timestamp.dylib
0x0000000002b9b000 	/System/Library/PrivateFrameworks/FamilyControls.framework/Versions/A/FamilyControls
0x0000000002b9b000 	/System/Library/PrivateFrameworks/CommerceKit.framework/Versions/A/Frameworks/CommerceCore.framework/Versions/A/CommerceCore
0x0000000002b9b000 	/System/Library/PrivateFrameworks/SystemAdministration.framework/Versions/A/SystemAdministration
0x0000000002b9b000 	/System/Library/PrivateFrameworks/AppContainer.framework/Versions/A/AppContainer
0x0000000002b9b000 	/System/Library/PrivateFrameworks/SecCodeWrapper.framework/Versions/A/SecCodeWrapper
0x0000000002b9b000 	/System/Library/PrivateFrameworks/DiskManagement.framework/Versions/A/DiskManagement
0x0000000002b9b000 	/System/Library/Frameworks/DirectoryService.framework/Versions/A/DirectoryService
0x0000000002b9b000 	/System/Library/PrivateFrameworks/DiskImages.framework/Versions/A/DiskImages
0x0000000002b9b000 	/System/Library/PrivateFrameworks/LoginUIKit.framework/Versions/A/Frameworks/LoginUICore.framework/Versions/A/LoginUICore
0x0000000002b9b000 	/usr/lib/libCoreStorage.dylib
0x0000000002b9b000 	/usr/lib/libcsfde.dylib
0x0000000002b9b000 	/usr/lib/libodfde.dylib
0x0000000002b9b000 	/System/Library/PrivateFrameworks/MediaKit.framework/Versions/A/MediaKit
0x0000000002b9b000 	/System/Library/Frameworks/DiscRecording.framework/Versions/A/DiscRecording
0x0000000002b9b000 	/System/Library/PrivateFrameworks/EFILogin.framework/Versions/A/EFILogin
0x0000000002b9b000 	/System/Library/PrivateFrameworks/ProtectedCloudStorage.framework/Versions/A/ProtectedCloudStorage
0x0000000002b9b000 	/usr/lib/libcurl.4.dylib
0x0000000002b9b000 	/usr/lib/libcrypto.35.dylib
0x0000000002b9b000 	/usr/lib/libssl.35.dylib
0x0000000002b9b000 	/System/Library/Frameworks/LDAP.framework/Versions/A/LDAP
0x0000000002b9b000 	/System/Library/PrivateFrameworks/TrustEvaluationAgent.framework/Versions/A/TrustEvaluationAgent
0x0000000002b9b000 	/usr/lib/libsasl2.2.dylib
0x0000000002b9b000 	/System/Library/PrivateFrameworks/CoreDaemon.framework/Versions/B/CoreDaemon
0x0000000002b9b000 	/System/Library/PrivateFrameworks/AppleSRP.framework/Versions/A/AppleSRP
0x0000000129a3f000 	/Library/Java/JavaVirtualMachines/jdk1.8.0_151.jdk/Contents/Home/jre/lib/libfontmanager.dylib
0x0000000129aa6000 	/Users/jundalou/Downloads/lwjgl/native/macosx/liblwjgl.dylib
0x0000000112fc6000 	/Library/Java/JavaVirtualMachines/jdk1.8.0_151.jdk/Contents/Home/jre/lib/libjawt.dylib
0x0000000002b9b000 	/System/Library/Frameworks/OpenGL.framework/Versions/A/Resources/GLEngine.bundle/GLEngine
0x0000000002b9b000 	/System/Library/Frameworks/OpenGL.framework/Versions/A/Libraries/libGLProgrammability.dylib
0x0000000129b28000 	/System/Library/Extensions/AppleIntelKBLGraphicsGLDriver.bundle/Contents/MacOS/AppleIntelKBLGraphicsGLDriver
0x0000000002b9b000 	/System/Library/PrivateFrameworks/GPUSupport.framework/Versions/A/Libraries/libGPUSupportMercury.dylib
0x0000000002b9b000 	/System/Library/Frameworks/OpenGL.framework/Versions/A/Resources/GLRendererFloat.bundle/GLRendererFloat
0x0000000002b9b000 	/System/Library/Frameworks/OpenCL.framework/Versions/A/Libraries/libcldcpuengine.dylib
0x0000000002b9b000 	/System/Library/PrivateFrameworks/ViewBridge.framework/Versions/A/ViewBridge

VM Arguments:
jvm_args: -Dfile.encoding=UTF-8 -Djava.library.path=/Users/jundalou/Downloads/lwjgl/native/macosx 
java_command: minecraftsimulation.MinecraftSimulation
java_class_path (initial): /Users/jundalou/Downloads/lwjgl/jar/AppleJavaExtensions.jar:/Users/jundalou/Downloads/lwjgl/jar/asm-debug-all.jar:/Users/jundalou/Downloads/lwjgl/jar/jinput.jar:/Users/jundalou/Downloads/lwjgl/jar/lwjgl-debug.jar:/Users/jundalou/Downloads/lwjgl/jar/lwjgl.jar:/Users/jundalou/Downloads/lwjgl/jar/lwjgl_test.jar:/Users/jundalou/Downloads/lwjgl/jar/lwjgl_util.jar:/Users/jundalou/Downloads/lwjgl/jar/lwjgl_util_applet.jar:/Users/jundalou/Downloads/lwjgl/jar/lzma.jar:/Users/jundalou/NetBeansProjects/MinecraftSimulation/build/classes
Launcher Type: SUN_STANDARD

Environment Variables:
PATH=/usr/bin:/bin:/usr/sbin:/sbin
LD_LIBRARY_PATH=/Library/Java/JavaVirtualMachines/jdk1.8.0_151.jdk/Contents/Home/jre/lib/amd64:/Library/Java/JavaVirtualMachines/jdk1.8.0_151.jdk/Contents/Home/jre/lib/i386:
SHELL=/bin/bash

Signal Handlers:
SIGSEGV: [libjvm.dylib+0x5b27a5], sa_mask[0]=11111111011111110111111111111111, sa_flags=SA_ONSTACK|SA_RESTART|SA_SIGINFO
SIGBUS: [libjvm.dylib+0x5b27a5], sa_mask[0]=11111111011111110111111111111111, sa_flags=SA_RESTART|SA_SIGINFO
SIGFPE: [libjvm.dylib+0x4891c4], sa_mask[0]=11111111011111110111111111111111, sa_flags=SA_RESTART|SA_SIGINFO
SIGPIPE: [libjvm.dylib+0x4891c4], sa_mask[0]=11111111011111110111111111111111, sa_flags=SA_RESTART|SA_SIGINFO
SIGXFSZ: [libjvm.dylib+0x4891c4], sa_mask[0]=11111111011111110111111111111111, sa_flags=SA_RESTART|SA_SIGINFO
SIGILL: [libjvm.dylib+0x4891c4], sa_mask[0]=11111111011111110111111111111111, sa_flags=SA_RESTART|SA_SIGINFO
SIGUSR1: SIG_DFL, sa_mask[0]=00000000000000000000000000000000, sa_flags=none
SIGUSR2: [libjvm.dylib+0x488ce2], sa_mask[0]=00100000000000000000000000000000, sa_flags=SA_RESTART|SA_SIGINFO
SIGHUP: [libjvm.dylib+0x4872b9], sa_mask[0]=11111111011111110111111111111111, sa_flags=SA_RESTART|SA_SIGINFO
SIGINT: SIG_IGN, sa_mask[0]=00000000000000000000000000000000, sa_flags=none
SIGTERM: [libjvm.dylib+0x4872b9], sa_mask[0]=11111111011111110111111111111111, sa_flags=SA_RESTART|SA_SIGINFO
SIGQUIT: [libjvm.dylib+0x4872b9], sa_mask[0]=11111111011111110111111111111111, sa_flags=SA_RESTART|SA_SIGINFO


---------------  S Y S T E M  ---------------

OS:Bsduname:Darwin 17.5.0 Darwin Kernel Version 17.5.0: Fri Apr 13 19:32:32 PDT 2018; root:xnu-4570.51.2~1/RELEASE_X86_64 x86_64
rlimit: STACK 8192k, CORE 0k, NPROC 709, NOFILE 10240, AS infinity
load average:1.76 1.65 1.61

CPU:total 4 (initial active 4) (2 cores per cpu, 2 threads per core) family 6 model 142 stepping 9, cmov, cx8, fxsr, mmx, sse, sse2, sse3, ssse3, sse4.1, sse4.2, popcnt, avx, avx2, aes, clmul, erms, rtm, 3dnowpref, lzcnt, ht, tsc, tscinvbit, bmi1, bmi2, adx

Memory: 4k page, physical 8388608k(326356k free)

/proc/meminfo:


vm_info: Java HotSpot(TM) 64-Bit Server VM (25.151-b12) for bsd-amd64 JRE (1.8.0_151-b12), built on Sep  5 2017 19:37:08 by "java_re" with gcc 4.2.1 (Based on Apple Inc. build 5658) (LLVM build 2336.11.00)

time: Thu May 17 18:52:48 2018
elapsed time: 1 seconds (0d 0h 0m 1s)

